<?xml version="1.0" encoding="UTF-8"?>
<!-- Generated by org.testng.reporters.JUnitXMLReporter -->
<testsuite hostname="Krushal-Batki-1995" ignored="0" name="Test11" tests="1" failures="0" timestamp="13 May 2021 19:40:06 GMT" time="137.377" errors="0">
  <testcase name="@BeforeMethod setUp" time="136.238" classname="com.automation.init.SeleniumInit">
    <failure type="org.openqa.selenium.SessionNotCreatedException" message="Unable to create new remote session. desired capabilities = Capabilities [{marionette=true, firefoxOptions=org.openqa.selenium.firefox.FirefoxOptions@3a52dba3, browserName=firefox, moz:firefoxOptions=org.openqa.selenium.firefox.FirefoxOptions@3a52dba3, version=, platform=ANY, merionette=true}], required capabilities = Capabilities [{}]
Build info: version: &amp;apos;3.0.1&amp;apos;, revision: &amp;apos;1969d75&amp;apos;, time: &amp;apos;2016-10-18 09:49:13 -0700&amp;apos;
System info: host: &amp;apos;Krushal-Batki-1995&amp;apos;, ip: &amp;apos;192.168.2.17&amp;apos;, os.name: &amp;apos;Windows 8.1&amp;apos;, os.arch: &amp;apos;amd64&amp;apos;, os.version: &amp;apos;6.3&amp;apos;, java.version: &amp;apos;1.8.0_73&amp;apos;
Driver info: driver.version: FirefoxDriver">
      <![CDATA[org.openqa.selenium.SessionNotCreatedException: Unable to create new remote session. desired capabilities = Capabilities [{marionette=true, firefoxOptions=org.openqa.selenium.firefox.FirefoxOptions@3a52dba3, browserName=firefox, moz:firefoxOptions=org.openqa.selenium.firefox.FirefoxOptions@3a52dba3, version=, platform=ANY, merionette=true}], required capabilities = Capabilities [{}]
Build info: version: '3.0.1', revision: '1969d75', time: '2016-10-18 09:49:13 -0700'
System info: host: 'Krushal-Batki-1995', ip: '192.168.2.17', os.name: 'Windows 8.1', os.arch: 'amd64', os.version: '6.3', java.version: '1.8.0_73'
Driver info: driver.version: FirefoxDriver
at org.openqa.selenium.remote.ProtocolHandshake.createSession(ProtocolHandshake.java:91)
at org.openqa.selenium.remote.HttpCommandExecutor.execute(HttpCommandExecutor.java:141)
at org.openqa.selenium.remote.service.DriverCommandExecutor.execute(DriverCommandExecutor.java:82)
at org.openqa.selenium.remote.RemoteWebDriver.execute(RemoteWebDriver.java:601)
at org.openqa.selenium.remote.RemoteWebDriver.startSession(RemoteWebDriver.java:241)
at org.openqa.selenium.remote.RemoteWebDriver.<init>(RemoteWebDriver.java:128)
at org.openqa.selenium.firefox.FirefoxDriver.<init>(FirefoxDriver.java:259)
at org.openqa.selenium.firefox.FirefoxDriver.<init>(FirefoxDriver.java:247)
at org.openqa.selenium.firefox.FirefoxDriver.<init>(FirefoxDriver.java:242)
at org.openqa.selenium.firefox.FirefoxDriver.<init>(FirefoxDriver.java:135)
at com.automation.init.SeleniumInit.setUp(SeleniumInit.java:182)
... Removed 31 stack frames]]>
    </failure>
  </testcase> <!-- @BeforeMethod setUp -->
  <testcase name="@AfterMethod tearDown" time="0.002" classname="com.automation.init.SeleniumInit">
    <failure type="java.lang.NullPointerException">
      <![CDATA[java.lang.NullPointerException
at com.automation.init.SeleniumInit.tearDown(SeleniumInit.java:486)
... Removed 31 stack frames]]>
    </failure>
  </testcase> <!-- @AfterMethod tearDown -->
  <testcase name="sendPostRequest" time="0.0" classname="com.automation.index.HomeIndex">
    <skipped/>
  </testcase> <!-- sendPostRequest -->
</testsuite> <!-- Test11 -->
